0 verbose cli /usr/local/bin/node /usr/local/bin/npm
1 info using npm@11.5.2
2 info using node@v22.18.0
3 silly config load:file:/usr/local/lib/node_modules/npm/npmrc
4 silly config load:file:/Users/apple/Documents/Personal/ziptech-limited-website/.npmrc
5 silly config load:file:/Users/apple/.npmrc
6 silly config load:file:/usr/local/etc/npmrc
7 verbose title npm run dev
8 verbose argv "run" "dev"
9 verbose logfile logs-max:10 dir:/Users/apple/Documents/Personal/ziptech-limited-website/.npm-cache-local/_logs/2026-03-03T02_16_13_824Z-
10 verbose logfile /Users/apple/Documents/Personal/ziptech-limited-website/.npm-cache-local/_logs/2026-03-03T02_16_13_824Z-debug-0.log
11 silly logfile done cleaning log files
12 http fetch GET 200 https://registry.npmjs.org/npm 1216ms
13 verbose cwd /Users/apple/Documents/Personal/ziptech-limited-website
14 verbose os Darwin 24.5.0
15 verbose node v22.18.0
16 verbose npm  v11.5.2
17 notice
17 notice New [33mminor[39m version of npm available! [33m11.5.2[39m -> [34m11.11.0[39m
17 notice Changelog: [34mhttps://github.com/npm/cli/releases/tag/v11.11.0[39m
17 notice To update run: [4mnpm install -g npm@11.11.0[24m
17 notice  { force: true, [Symbol(proc-log.meta)]: true }
18 verbose exit 1
19 verbose code 1
20 error A complete log of this run can be found in: /Users/apple/Documents/Personal/ziptech-limited-website/.npm-cache-local/_logs/2026-03-03T02_16_13_824Z-debug-0.log
